192 4 178 150 113 110 111 185 155 33
23 124 78 173 9 83 183 44 191 35
198 20 24 27 144 147 88 12 54 114
166 130 89 165 171 189 78 93 45 179
89 64 172 166 194 156 189 45 31 165
167 124 66 73 51 97 24 13 149 99
189 159 142 33 78 29 147 155 105 156
144 183 27 12 142 114 105 72 147 159
156 89 32 109 45 64 189 165 25 21
82 2 93 142 174 112 51 88 1 105
165 32 72 189 183 20 45 27 166 190
38 125 61 179 167 73 31 193 163 126
59 125 149 175 61 94 97 99 132 167
66 3 12 13 24 72 164 183 29 155
61 87 179 86 167 31 38 171 1 50
24 183 55 112 66 134 29 46 13 78
144 1 114 105 85 170 174 142 167 96
107 155 80 114 74 150 4 102 193 176
140 189 85 165 89 45 32 166 156 64
165 189 160 166 45 32 153 156 183 75
158 153 91 84 183 133 157 196 190 29
188 131 122 32 45 189 156 24 157 190
35 173 96 114 105 107 76 142 80 124
156 165 32 41 45 21 109 183 160 31
199 87 114 61 179 49 105 125 38 8
183 29 127 142 170 1 96 42 124 13
191 78 179 8 167 73 171 183 149 180
189 165 90 78 166 45 32 153 9 156
125 21 179 174 170 31 183 189 164 84
29 1 127 183 142 42 14 70 154 12
62 34 184 67 10 132 95 148 99 189
58 190 139 33 189 159 183 133 147 65
14 42 70 94 29 127 170 1 78 36
76 161 31 50 170 87 29 61 131 157
94 127 134 42 29 142 143 170 14 154
14 70 29 142 127 42 1 154 183 76
29 127 42 183 14 164 70 170 197 107
99 56 182 80 14 82 200 183 107 132
3 13 66 164 32 156 70 127 122 111
4 178 111 110 123 150 192 74 113 193
149 88 159 125 112 48 5 1 105 146
29 183 124 127 197 167 13 177 73 170
89 194 172 64 162 31 1 196 99 156
116 118 189 32 45 156 83 160 40 21
118 160 113 144 181 129 37 45 189 52
33 163 85 153 189 41 157 116 181 57
95 189 62 34 165 160 139 32 45 84
29 183 42 142 127 70 20 1 170 27
167 73 179 197 38 177 142 154 136 174
144 147 159 146 105 183 54 12 27 151
125 31 142 179 78 80 174 191 170 1
29 6 50 102 1 105 82 155 70 114
45 189 156 21 85 95 32 139 155 109
124 13 183 66 164 9 55 24 29 127
156 41 21 189 45 32 67 165 64 116
164 63 77 134 44 124 23 35 183 29
29 127 42 183 142 70 14 190 1 157
42 70 190 25 162 26 127 29 14 154
198 27 12 20 190 152 102 72 147 144
183 99 29 13 14 127 61 56 66 24
20 198 27 114 105 72 147 102 12 152
170 29 142 42 200 119 183 70 174 164
82 99 107 80 142 177 132 42 182 114
35 173 124 183 134 13 164 23 7 193
127 29 42 1 183 148 105 70 14 142
13 3 66 183 24 164 127 29 134 124
160 189 28 111 52 118 45 104 98 115
23 124 78 191 173 134 164 157 144 83
158 190 139 2 147 84 91 65 159 153
4 168 39 110 192 113 150 178 159 155
98 68 100 159 115 15 139 147 135 189
158 91 84 153 190 12 165 134 112 130
78 8 29 142 99 31 26 183 174 169
42 64 25 162 26 127 70 27 29 31
70 14 183 155 159 29 150 94 42 142
157 183 24 46 29 112 164 189 98 163
87 12 142 1 170 167 152 86 183 47
1 177 142 102 88 29 107 117 183 105
133 84 153 166 40 64 52 91 172 190
27 47 72 75 147 30 12 190 152 42
33 45 78 139 140 189 32 84 158 165
156 189 32 109 41 45 21 160 165 116
42 127 29 1 70 183 24 176 164 154
104 2 65 28 98 113 190 175 139 118
62 34 152 198 20 95 155 153 27 190
159 147 12 139 70 190 94 72 47 78
41 21 45 189 156 165 32 160 90 166
3 164 167 13 66 124 73 183 78 24
62 189 34 160 165 95 45 166 90 32
87 31 171 76 61 179 38 73 78 167
48 68 159 139 100 98 147 146 135 15
194 64 172 89 31 190 156 162 153 146
199 154 49 176 29 14 42 94 127 174
167 179 76 61 73 38 125 31 21 87
189 85 163 140 118 57 46 32 160 178
131 157 85 118 161 40 52 116 83 37
29 42 1 127 142 105 183 14 70 124
189 32 45 165 156 166 78 109 160 130
78 112 191 23 136 142 1 170 124 125
73 167 86 63 77 197 124 17 164 179
